[INFO] Scanning for projects...
[INFO] 
[INFO] -----------------------< com.example:ecommerce >------------------------
[INFO] Building ecommerce 0.0.1-SNAPSHOT
[INFO]   from pom.xml
[INFO] --------------------------------[ jar ]---------------------------------
[INFO] 
[INFO] >>> spring-boot:3.1.5:run (default-cli) > test-compile @ ecommerce >>>
[INFO] 
[INFO] --- resources:3.3.1:resources (default-resources) @ ecommerce ---
[INFO] Copying 1 resource from src/main/resources to target/classes
[INFO] Copying 0 resource from src/main/resources to target/classes
[INFO] 
[INFO] --- compiler:3.11.0:compile (default-compile) @ ecommerce ---
[INFO] Nothing to compile - all classes are up to date
[INFO] 
[INFO] --- resources:3.3.1:testResources (default-testResources) @ ecommerce ---
[INFO] skip non existing resourceDirectory /Users/srividya/springboot/ecommerce/src/test/resources
[INFO] 
[INFO] --- compiler:3.11.0:testCompile (default-testCompile) @ ecommerce ---
[INFO] No sources to compile
[INFO] 
[INFO] <<< spring-boot:3.1.5:run (default-cli) < test-compile @ ecommerce <<<
[INFO] 
[INFO] 
[INFO] --- spring-boot:3.1.5:run (default-cli) @ ecommerce ---
[INFO] Attaching agents: []

  .   ____          _            __ _ _
 /\\ / ___'_ __ _ _(_)_ __  __ _ \ \ \ \
( ( )\___ | '_ | '_| | '_ \/ _` | \ \ \ \
 \\/  ___)| |_)| | | | | || (_| |  ) ) ) )
  '  |____| .__|_| |_|_| |_\__, | / / / /
 =========|_|==============|___/=/_/_/_/
 :: Spring Boot ::                (v3.1.5)

2026-01-20T17:24:23.164+05:30  INFO 15161 --- [           main] c.e.ecommerce.EcommerceApplication       : Starting EcommerceApplication using Java 25.0.1 with PID 15161 (/Users/srividya/springboot/ecommerce/target/classes started by srividya in /Users/srividya/springboot/ecommerce)
2026-01-20T17:24:23.165+05:30  INFO 15161 --- [           main] c.e.ecommerce.EcommerceApplication       : No active profile set, falling back to 1 default profile: "default"
2026-01-20T17:24:23.322+05:30  INFO 15161 --- [           main] .s.d.r.c.RepositoryConfigurationDelegate : Bootstrapping Spring Data MongoDB repositories in DEFAULT mode.
2026-01-20T17:24:23.338+05:30  INFO 15161 --- [           main] .s.d.r.c.RepositoryConfigurationDelegate : Finished Spring Data repository scanning in 14 ms. Found 6 MongoDB repository interfaces.
2026-01-20T17:24:23.383+05:30  INFO 15161 --- [           main] trationDelegate$BeanPostProcessorChecker : Bean 'de.flapdoodle.embed.mongo.spring.autoconfigure.EmbeddedMongoAutoConfiguration' of type [de.flapdoodle.embed.mongo.spring.autoconfigure.EmbeddedMongoAutoConfiguration] is not eligible for getting processed by all BeanPostProcessors (for example: not eligible for auto-proxying)
2026-01-20T17:24:23.389+05:30  INFO 15161 --- [           main] trationDelegate$BeanPostProcessorChecker : Bean 'de.flapdoodle.mongodb.embedded-de.flapdoodle.embed.mongo.spring.autoconfigure.EmbeddedMongoProperties' of type [de.flapdoodle.embed.mongo.spring.autoconfigure.EmbeddedMongoProperties] is not eligible for getting processed by all BeanPostProcessors (for example: not eligible for auto-proxying)
2026-01-20T17:24:28.409+05:30  INFO 15161 --- [           main] trationDelegate$BeanPostProcessorChecker : Bean 'net' of type [de.flapdoodle.embed.mongo.config.ImmutableNet] is not eligible for getting processed by all BeanPostProcessors (for example: not eligible for auto-proxying)
2026-01-20T17:24:28.411+05:30  INFO 15161 --- [           main] trationDelegate$BeanPostProcessorChecker : Bean 'spring.data.mongodb-org.springframework.boot.autoconfigure.mongo.MongoProperties' of type [org.springframework.boot.autoconfigure.mongo.MongoProperties] is not eligible for getting processed by all BeanPostProcessors (for example: not eligible for auto-proxying)
WARNING: A restricted method in java.lang.System has been called
WARNING: java.lang.System::load has been called by org.apache.tomcat.jni.Library in an unnamed module (file:/Users/srividya/.m2/repository/org/apache/tomcat/embed/tomcat-embed-core/10.1.15/tomcat-embed-core-10.1.15.jar)
WARNING: Use --enable-native-access=ALL-UNNAMED to avoid a warning for callers in this module
WARNING: Restricted methods will be blocked in a future release unless native access is enabled

2026-01-20T17:24:28.496+05:30  INFO 15161 --- [           main] o.s.b.w.embedded.tomcat.TomcatWebServer  : Tomcat initialized with port(s): 8080 (http)
2026-01-20T17:24:28.499+05:30  INFO 15161 --- [           main] o.apache.catalina.core.StandardService   : Starting service [Tomcat]
2026-01-20T17:24:28.499+05:30  INFO 15161 --- [           main] o.apache.catalina.core.StandardEngine    : Starting Servlet engine: [Apache Tomcat/10.1.15]
2026-01-20T17:24:28.526+05:30  INFO 15161 --- [           main] o.a.c.c.C.[Tomcat].[localhost].[/]       : Initializing Spring embedded WebApplicationContext
2026-01-20T17:24:28.526+05:30  INFO 15161 --- [           main] w.s.c.ServletWebServerApplicationContext : Root WebApplicationContext: initialization completed in 5344 ms
2026-01-20T17:24:28.560+05:30  INFO 15161 --- [           main] d.f.e.m.s.a.SyncClientServerFactory      : sync server factory
2026-01-20T17:24:29.203+05:30  INFO 15161 --- [           main] d.f.e.m.s.autoconfigure.EmbeddedMongo    : download https://fastdl.mongodb.org/osx/mongodb-macos-arm64-6.0.8.tgz : starting...
2026-01-20T17:24:29.208+05:30  INFO 15161 --- [           main] d.f.e.m.s.autoconfigure.EmbeddedMongo    : download https://fastdl.mongodb.org/osx/mongodb-macos-arm64-6.0.8.tgz : 0 %
2026-01-20T17:24:30.203+05:30  INFO 15161 --- [           main] d.f.e.m.s.autoconfigure.EmbeddedMongo    : download https://fastdl.mongodb.org/osx/mongodb-macos-arm64-6.0.8.tgz : 10 %
2026-01-20T17:24:31.359+05:30  INFO 15161 --- [           main] d.f.e.m.s.autoconfigure.EmbeddedMongo    : download https://fastdl.mongodb.org/osx/mongodb-macos-arm64-6.0.8.tgz : 20 %
2026-01-20T17:24:32.512+05:30  INFO 15161 --- [           main] d.f.e.m.s.autoconfigure.EmbeddedMongo    : download https://fastdl.mongodb.org/osx/mongodb-macos-arm64-6.0.8.tgz : 30 %
2026-01-20T17:24:33.675+05:30  INFO 15161 --- [           main] d.f.e.m.s.autoconfigure.EmbeddedMongo    : download https://fastdl.mongodb.org/osx/mongodb-macos-arm64-6.0.8.tgz : 40 %
2026-01-20T17:24:34.850+05:30  INFO 15161 --- [           main] d.f.e.m.s.autoconfigure.EmbeddedMongo    : download https://fastdl.mongodb.org/osx/mongodb-macos-arm64-6.0.8.tgz : 50 %
2026-01-20T17:24:35.971+05:30  INFO 15161 --- [           main] d.f.e.m.s.autoconfigure.EmbeddedMongo    : download https://fastdl.mongodb.org/osx/mongodb-macos-arm64-6.0.8.tgz : 60 %
2026-01-20T17:24:37.126+05:30  INFO 15161 --- [           main] d.f.e.m.s.autoconfigure.EmbeddedMongo    : download https://fastdl.mongodb.org/osx/mongodb-macos-arm64-6.0.8.tgz : 70 %
2026-01-20T17:24:38.306+05:30  INFO 15161 --- [           main] d.f.e.m.s.autoconfigure.EmbeddedMongo    : download https://fastdl.mongodb.org/osx/mongodb-macos-arm64-6.0.8.tgz : 80 %
2026-01-20T17:24:39.461+05:30  INFO 15161 --- [           main] d.f.e.m.s.autoconfigure.EmbeddedMongo    : download https://fastdl.mongodb.org/osx/mongodb-macos-arm64-6.0.8.tgz : 90 %
2026-01-20T17:24:40.620+05:30  INFO 15161 --- [           main] d.f.e.m.s.autoconfigure.EmbeddedMongo    : download https://fastdl.mongodb.org/osx/mongodb-macos-arm64-6.0.8.tgz : finished
2026-01-20T17:24:42.832+05:30  INFO 15161 --- [       Thread-1] d.f.e.m.s.autoconfigure.EmbeddedMongo    : {"t":{"$date":"2026-01-20T17:24:42.831+05:30"},"s":"I",  "c":"CONTROL",  "id":23285,   "ctx":"thread2","msg":"Automatically disabling TLS 1.0, to force-enable TLS 1.0 specify --sslDisabledProtocols 'none'"}
2026-01-20T17:24:42.832+05:30  INFO 15161 --- [       Thread-1] d.f.e.m.s.autoconfigure.EmbeddedMongo    : {"t":{"$date":"2026-01-20T17:24:42.831+05:30"},"s":"I",  "c":"NETWORK",  "id":4915701, "ctx":"thread2","msg":"Initialized wire specification","attr":{"spec":{"incomingExternalClient":{"minWireVersion":0,"maxWireVersion":17},"incomingInternalClient":{"minWireVersion":0,"maxWireVersion":17},"outgoing":{"minWireVersion":6,"maxWireVersion":17},"isInternalClient":true}}}
2026-01-20T17:24:42.834+05:30  INFO 15161 --- [       Thread-1] d.f.e.m.s.autoconfigure.EmbeddedMongo    : {"t":{"$date":"2026-01-20T17:24:42.834+05:30"},"s":"I",  "c":"NETWORK",  "id":4648602, "ctx":"thread2","msg":"Implicit TCP FastOpen in use."}
2026-01-20T17:24:42.835+05:30  INFO 15161 --- [       Thread-1] d.f.e.m.s.autoconfigure.EmbeddedMongo    : {"t":{"$date":"2026-01-20T17:24:42.835+05:30"},"s":"I",  "c":"REPL",     "id":5123008, "ctx":"thread2","msg":"Successfully registered PrimaryOnlyService","attr":{"service":"TenantMigrationDonorService","namespace":"config.tenantMigrationDonors"}}
2026-01-20T17:24:42.836+05:30  INFO 15161 --- [       Thread-1] d.f.e.m.s.autoconfigure.EmbeddedMongo    : {"t":{"$date":"2026-01-20T17:24:42.835+05:30"},"s":"I",  "c":"REPL",     "id":5123008, "ctx":"thread2","msg":"Successfully registered PrimaryOnlyService","attr":{"service":"TenantMigrationRecipientService","namespace":"config.tenantMigrationRecipients"}}
2026-01-20T17:24:42.836+05:30  INFO 15161 --- [       Thread-1] d.f.e.m.s.autoconfigure.EmbeddedMongo    : {"t":{"$date":"2026-01-20T17:24:42.835+05:30"},"s":"I",  "c":"REPL",     "id":5123008, "ctx":"thread2","msg":"Successfully registered PrimaryOnlyService","attr":{"service":"ShardSplitDonorService","namespace":"config.tenantSplitDonors"}}
2026-01-20T17:24:42.836+05:30  INFO 15161 --- [       Thread-1] d.f.e.m.s.autoconfigure.EmbeddedMongo    : {"t":{"$date":"2026-01-20T17:24:42.835+05:30"},"s":"I",  "c":"CONTROL",  "id":5945603, "ctx":"thread2","msg":"Multi threading initialized"}
2026-01-20T17:24:42.836+05:30  INFO 15161 --- [       Thread-1] d.f.e.m.s.autoconfigure.EmbeddedMongo    : {"t":{"$date":"2026-01-20T17:24:42.836+05:30"},"s":"I",  "c":"CONTROL",  "id":4615611, "ctx":"initandlisten","msg":"MongoDB starting","attr":{"pid":15298,"port":53720,"dbPath":"/var/folders/dv/9p5bjljs1rl_pqxzylkc1njh0000gn/T/temp--c11eff47-6ff7-4b7d-bbe6-257d64f36111/mongod-database10992865415231463792","architecture":"64-bit","host":"srividyas-MacBook-Air.local"}}
2026-01-20T17:24:42.836+05:30  INFO 15161 --- [       Thread-1] d.f.e.m.s.autoconfigure.EmbeddedMongo    : {"t":{"$date":"2026-01-20T17:24:42.836+05:30"},"s":"I",  "c":"CONTROL",  "id":23352,   "ctx":"initandlisten","msg":"Unable to resolve sysctl {sysctlName} (number) ","attr":{"sysctlName":"hw.cpufrequency"}}
2026-01-20T17:24:42.836+05:30  INFO 15161 --- [       Thread-1] d.f.e.m.s.autoconfigure.EmbeddedMongo    : {"t":{"$date":"2026-01-20T17:24:42.836+05:30"},"s":"I",  "c":"CONTROL",  "id":23351,   "ctx":"initandlisten","msg":"{sysctlName} unavailable","attr":{"sysctlName":"machdep.cpu.features"}}
2026-01-20T17:24:42.836+05:30  INFO 15161 --- [       Thread-1] d.f.e.m.s.autoconfigure.EmbeddedMongo    : {"t":{"$date":"2026-01-20T17:24:42.836+05:30"},"s":"I",  "c":"CONTROL",  "id":23403,   "ctx":"initandlisten","msg":"Build Info","attr":{"buildInfo":{"version":"6.0.8","gitVersion":"3d84c0dd4e5d99be0d69003652313e7eaf4cdd74","modules":[],"allocator":"system","environment":{"distarch":"aarch64","target_arch":"aarch64"}}}}
2026-01-20T17:24:42.836+05:30  INFO 15161 --- [       Thread-1] d.f.e.m.s.autoconfigure.EmbeddedMongo    : {"t":{"$date":"2026-01-20T17:24:42.836+05:30"},"s":"I",  "c":"CONTROL",  "id":51765,   "ctx":"initandlisten","msg":"Operating System","attr":{"os":{"name":"Mac OS X","version":"25.2.0"}}}
2026-01-20T17:24:42.836+05:30  INFO 15161 --- [       Thread-1] d.f.e.m.s.autoconfigure.EmbeddedMongo    : {"t":{"$date":"2026-01-20T17:24:42.836+05:30"},"s":"I",  "c":"CONTROL",  "id":21951,   "ctx":"initandlisten","msg":"Options set by command line","attr":{"options":{"net":{"bindIp":"127.0.0.1","port":53720},"security":{"authorization":"disabled"},"storage":{"dbPath":"/var/folders/dv/9p5bjljs1rl_pqxzylkc1njh0000gn/T/temp--c11eff47-6ff7-4b7d-bbe6-257d64f36111/mongod-database10992865415231463792","journal":{"enabled":false},"syncPeriodSecs":0}}}}
2026-01-20T17:24:42.837+05:30  INFO 15161 --- [       Thread-1] d.f.e.m.s.autoconfigure.EmbeddedMongo    : {"t":{"$date":"2026-01-20T17:24:42.837+05:30"},"s":"I",  "c":"NETWORK",  "id":5693100, "ctx":"initandlisten","msg":"Asio socket.set_option failed with std::system_error","attr":{"note":"acceptor TCP fast open","option":{"level":6,"name":261,"data":"00 04 00 00"},"error":{"what":"set_option: Invalid argument","message":"Invalid argument","category":"asio.system","value":22}}}
2026-01-20T17:24:42.837+05:30  INFO 15161 --- [       Thread-1] d.f.e.m.s.autoconfigure.EmbeddedMongo    : {"t":{"$date":"2026-01-20T17:24:42.837+05:30"},"s":"I",  "c":"STORAGE",  "id":22315,   "ctx":"initandlisten","msg":"Opening WiredTiger","attr":{"config":"create,cache_size=11776M,session_max=33000,eviction=(threads_min=4,threads_max=4),config_base=false,statistics=(fast),log=(enabled=true,remove=true,path=journal,compressor=snappy),builtin_extension_config=(zstd=(compression_level=6)),file_manager=(close_idle_time=600,close_scan_interval=10,close_handle_minimum=2000),statistics_log=(wait=0),json_output=(error,message),verbose=[recovery_progress:1,checkpoint_progress:1,compact_progress:1,backup:0,checkpoint:0,compact:0,evict:0,history_store:0,recovery:0,rts:0,salvage:0,tiered:0,timestamp:0,transaction:0,verify:0,log:0],,log=(enabled=false),"}}
2026-01-20T17:24:43.025+05:30  INFO 15161 --- [       Thread-1] d.f.e.m.s.autoconfigure.EmbeddedMongo    : {"t":{"$date":"2026-01-20T17:24:43.024+05:30"},"s":"I",  "c":"STORAGE",  "id":4795906, "ctx":"initandlisten","msg":"WiredTiger opened","attr":{"durationMillis":187}}
2026-01-20T17:24:43.025+05:30  INFO 15161 --- [       Thread-1] d.f.e.m.s.autoconfigure.EmbeddedMongo    : {"t":{"$date":"2026-01-20T17:24:43.025+05:30"},"s":"I",  "c":"RECOVERY", "id":23987,   "ctx":"initandlisten","msg":"WiredTiger recoveryTimestamp","attr":{"recoveryTimestamp":{"$timestamp":{"t":0,"i":0}}}}
2026-01-20T17:24:43.057+05:30  INFO 15161 --- [       Thread-1] d.f.e.m.s.autoconfigure.EmbeddedMongo    : {"t":{"$date":"2026-01-20T17:24:43.057+05:30"},"s":"I",  "c":"STORAGE",  "id":20320,   "ctx":"initandlisten","msg":"createCollection","attr":{"namespace":"admin.system.version","uuidDisposition":"provided","uuid":{"uuid":{"$uuid":"e32834ff-91ea-4674-bd63-69675ee681e1"}},"options":{"uuid":{"$uuid":"e32834ff-91ea-4674-bd63-69675ee681e1"}}}}
2026-01-20T17:24:43.088+05:30  INFO 15161 --- [       Thread-1] d.f.e.m.s.autoconfigure.EmbeddedMongo    : {"t":{"$date":"2026-01-20T17:24:43.088+05:30"},"s":"I",  "c":"INDEX",    "id":20345,   "ctx":"initandlisten","msg":"Index build: done building","attr":{"buildUUID":null,"collectionUUID":{"uuid":{"$uuid":"e32834ff-91ea-4674-bd63-69675ee681e1"}},"namespace":"admin.system.version","index":"_id_","ident":"index-1--3555401794600859338","collectionIdent":"collection-0--3555401794600859338","commitTimestamp":null}}
2026-01-20T17:24:43.088+05:30  INFO 15161 --- [       Thread-1] d.f.e.m.s.autoconfigure.EmbeddedMongo    : {"t":{"$date":"2026-01-20T17:24:43.088+05:30"},"s":"I",  "c":"REPL",     "id":20459,   "ctx":"initandlisten","msg":"Setting featureCompatibilityVersion","attr":{"newVersion":"6.0"}}
2026-01-20T17:24:43.088+05:30  INFO 15161 --- [       Thread-1] d.f.e.m.s.autoconfigure.EmbeddedMongo    : {"t":{"$date":"2026-01-20T17:24:43.088+05:30"},"s":"I",  "c":"REPL",     "id":5853300, "ctx":"initandlisten","msg":"current featureCompatibilityVersion value","attr":{"featureCompatibilityVersion":"6.0","context":"setFCV"}}
2026-01-20T17:24:43.088+05:30  INFO 15161 --- [       Thread-1] d.f.e.m.s.autoconfigure.EmbeddedMongo    : {"t":{"$date":"2026-01-20T17:24:43.088+05:30"},"s":"I",  "c":"NETWORK",  "id":4915702, "ctx":"initandlisten","msg":"Updated wire specification","attr":{"oldSpec":{"incomingExternalClient":{"minWireVersion":0,"maxWireVersion":17},"incomingInternalClient":{"minWireVersion":0,"maxWireVersion":17},"outgoing":{"minWireVersion":6,"maxWireVersion":17},"isInternalClient":true},"newSpec":{"incomingExternalClient":{"minWireVersion":0,"maxWireVersion":17},"incomingInternalClient":{"minWireVersion":17,"maxWireVersion":17},"outgoing":{"minWireVersion":17,"maxWireVersion":17},"isInternalClient":true}}}
2026-01-20T17:24:43.088+05:30  INFO 15161 --- [       Thread-1] d.f.e.m.s.autoconfigure.EmbeddedMongo    : {"t":{"$date":"2026-01-20T17:24:43.088+05:30"},"s":"I",  "c":"NETWORK",  "id":4915702, "ctx":"initandlisten","msg":"Updated wire specification","attr":{"oldSpec":{"incomingExternalClient":{"minWireVersion":0,"maxWireVersion":17},"incomingInternalClient":{"minWireVersion":17,"maxWireVersion":17},"outgoing":{"minWireVersion":17,"maxWireVersion":17},"isInternalClient":true},"newSpec":{"incomingExternalClient":{"minWireVersion":0,"maxWireVersion":17},"incomingInternalClient":{"minWireVersion":17,"maxWireVersion":17},"outgoing":{"minWireVersion":17,"maxWireVersion":17},"isInternalClient":true}}}
2026-01-20T17:24:43.088+05:30  INFO 15161 --- [       Thread-1] d.f.e.m.s.autoconfigure.EmbeddedMongo    : {"t":{"$date":"2026-01-20T17:24:43.088+05:30"},"s":"I",  "c":"REPL",     "id":5853300, "ctx":"initandlisten","msg":"current featureCompatibilityVersion value","attr":{"featureCompatibilityVersion":"6.0","context":"startup"}}
2026-01-20T17:24:43.088+05:30  INFO 15161 --- [       Thread-1] d.f.e.m.s.autoconfigure.EmbeddedMongo    : {"t":{"$date":"2026-01-20T17:24:43.088+05:30"},"s":"I",  "c":"STORAGE",  "id":5071100, "ctx":"initandlisten","msg":"Clearing temp directory"}
2026-01-20T17:24:43.088+05:30  INFO 15161 --- [       Thread-1] d.f.e.m.s.autoconfigure.EmbeddedMongo    : {"t":{"$date":"2026-01-20T17:24:43.088+05:30"},"s":"I",  "c":"CONTROL",  "id":20536,   "ctx":"initandlisten","msg":"Flow Control is enabled on this deployment"}
2026-01-20T17:24:43.088+05:30  INFO 15161 --- [       Thread-1] d.f.e.m.s.autoconfigure.EmbeddedMongo    : {"t":{"$date":"2026-01-20T17:24:43.088+05:30"},"s":"I",  "c":"FTDC",     "id":20625,   "ctx":"initandlisten","msg":"Initializing full-time diagnostic data capture","attr":{"dataDirectory":"/var/folders/dv/9p5bjljs1rl_pqxzylkc1njh0000gn/T/temp--c11eff47-6ff7-4b7d-bbe6-257d64f36111/mongod-database10992865415231463792/diagnostic.data"}}
2026-01-20T17:24:43.089+05:30  INFO 15161 --- [       Thread-1] d.f.e.m.s.autoconfigure.EmbeddedMongo    : {"t":{"$date":"2026-01-20T17:24:43.089+05:30"},"s":"I",  "c":"STORAGE",  "id":20320,   "ctx":"initandlisten","msg":"createCollection","attr":{"namespace":"local.startup_log","uuidDisposition":"generated","uuid":{"uuid":{"$uuid":"1068f5f8-514a-483f-a5fd-380061028b0d"}},"options":{"capped":true,"size":10485760}}}
2026-01-20T17:24:43.122+05:30  INFO 15161 --- [       Thread-1] d.f.e.m.s.autoconfigure.EmbeddedMongo    : {"t":{"$date":"2026-01-20T17:24:43.122+05:30"},"s":"I",  "c":"INDEX",    "id":20345,   "ctx":"initandlisten","msg":"Index build: done building","attr":{"buildUUID":null,"collectionUUID":{"uuid":{"$uuid":"1068f5f8-514a-483f-a5fd-380061028b0d"}},"namespace":"local.startup_log","index":"_id_","ident":"index-3--3555401794600859338","collectionIdent":"collection-2--3555401794600859338","commitTimestamp":null}}
2026-01-20T17:24:43.122+05:30  INFO 15161 --- [       Thread-1] d.f.e.m.s.autoconfigure.EmbeddedMongo    : {"t":{"$date":"2026-01-20T17:24:43.122+05:30"},"s":"I",  "c":"REPL",     "id":6015317, "ctx":"initandlisten","msg":"Setting new configuration state","attr":{"newState":"ConfigReplicationDisabled","oldState":"ConfigPreStart"}}
2026-01-20T17:24:43.122+05:30  INFO 15161 --- [       Thread-1] d.f.e.m.s.autoconfigure.EmbeddedMongo    : {"t":{"$date":"2026-01-20T17:24:43.122+05:30"},"s":"I",  "c":"STORAGE",  "id":22262,   "ctx":"initandlisten","msg":"Timestamp monitor starting"}
2026-01-20T17:24:43.122+05:30  INFO 15161 --- [       Thread-1] d.f.e.m.s.autoconfigure.EmbeddedMongo    : {"t":{"$date":"2026-01-20T17:24:43.122+05:30"},"s":"I",  "c":"NETWORK",  "id":23015,   "ctx":"listener","msg":"Listening on","attr":{"address":"/tmp/mongodb-53720.sock"}}
2026-01-20T17:24:43.122+05:30  INFO 15161 --- [       Thread-1] d.f.e.m.s.autoconfigure.EmbeddedMongo    : {"t":{"$date":"2026-01-20T17:24:43.122+05:30"},"s":"I",  "c":"NETWORK",  "id":23015,   "ctx":"listener","msg":"Listening on","attr":{"address":"127.0.0.1"}}
2026-01-20T17:24:43.122+05:30  INFO 15161 --- [       Thread-1] d.f.e.m.s.autoconfigure.EmbeddedMongo    : {"t":{"$date":"2026-01-20T17:24:43.122+05:30"},"s":"I",  "c":"NETWORK",  "id":23016,   "ctx":"listener","msg":"Waiting for connections","attr":{"port":53720,"ssl":"off"}}
2026-01-20T17:24:43.123+05:30  INFO 15161 --- [       Thread-1] d.f.e.m.s.autoconfigure.EmbeddedMongo    : {"t":{"$date":"2026-01-20T17:24:43.123+05:30"},"s":"I",  "c":"CONTROL",  "id":20712,   "ctx":"LogicalSessionCacheReap","msg":"Sessions collection is not set up; waiting until next sessions reap interval","attr":{"error":"NamespaceNotFound: config.system.sessions does not exist"}}
2026-01-20T17:24:43.123+05:30  INFO 15161 --- [       Thread-1] d.f.e.m.s.autoconfigure.EmbeddedMongo    : {"t":{"$date":"2026-01-20T17:24:43.123+05:30"},"s":"I",  "c":"STORAGE",  "id":20320,   "ctx":"LogicalSessionCacheRefresh","msg":"createCollection","attr":{"namespace":"config.system.sessions","uuidDisposition":"generated","uuid":{"uuid":{"$uuid":"805b19b5-4d8c-4091-bf3d-c2d62d29d7d8"}},"options":{}}}
2026-01-20T17:24:43.162+05:30  INFO 15161 --- [       Thread-1] d.f.e.m.s.autoconfigure.EmbeddedMongo    : {"t":{"$date":"2026-01-20T17:24:43.162+05:30"},"s":"I",  "c":"NETWORK",  "id":22943,   "ctx":"listener","msg":"Connection accepted","attr":{"remote":"127.0.0.1:53723","uuid":"ff0d104f-6b22-483f-9053-b7e571c8fe52","connectionId":1,"connectionCount":1}}
2026-01-20T17:24:43.162+05:30  INFO 15161 --- [       Thread-1] d.f.e.m.s.autoconfigure.EmbeddedMongo    : {"t":{"$date":"2026-01-20T17:24:43.162+05:30"},"s":"I",  "c":"NETWORK",  "id":22943,   "ctx":"listener","msg":"Connection accepted","attr":{"remote":"127.0.0.1:53724","uuid":"80c7d4f8-1e22-488e-be4f-d703a013f022","connectionId":2,"connectionCount":2}}
2026-01-20T17:24:43.163+05:30  INFO 15161 --- [           main] org.mongodb.driver.client                : MongoClient with metadata {"driver": {"name": "mongo-java-driver|sync|spring-boot", "version": "4.9.1"}, "os": {"type": "Darwin", "name": "Mac OS X", "architecture": "aarch64", "version": "26.2"}, "platform": "Java/Eclipse Adoptium/25.0.1+8-LTS"} created with settings MongoClientSettings{readPreference=primary, writeConcern=WriteConcern{w=null, wTimeout=null ms, journal=null}, retryWrites=true, retryReads=true, readConcern=ReadConcern{level=null}, credential=null, streamFactoryFactory=null, commandListeners=[], codecRegistry=ProvidersCodecRegistry{codecProviders=[ValueCodecProvider{}, BsonValueCodecProvider{}, DBRefCodecProvider{}, DBObjectCodecProvider{}, DocumentCodecProvider{}, CollectionCodecProvider{}, IterableCodecProvider{}, MapCodecProvider{}, GeoJsonCodecProvider{}, GridFSFileCodecProvider{}, Jsr310CodecProvider{}, JsonObjectCodecProvider{}, BsonCodecProvider{}, EnumCodecProvider{}, com.mongodb.client.model.mql.ExpressionCodecProvider@5ec6fede, com.mongodb.Jep395RecordCodecProvider@580902cd]}, loggerSettings=LoggerSettings{maxDocumentLength=1000}, clusterSettings={hosts=[localhost:53720], srvServiceName=mongodb, mode=SINGLE, requiredClusterType=UNKNOWN, requiredReplicaSetName='null', serverSelector='null', clusterListeners='[]', serverSelectionTimeout='30000 ms', localThreshold='30000 ms'}, socketSettings=SocketSettings{connectTimeoutMS=10000, readTimeoutMS=0, receiveBufferSize=0, sendBufferSize=0}, heartbeatSocketSettings=SocketSettings{connectTimeoutMS=10000, readTimeoutMS=10000, receiveBufferSize=0, sendBufferSize=0}, connectionPoolSettings=ConnectionPoolSettings{maxSize=100, minSize=0, maxWaitTimeMS=120000, maxConnectionLifeTimeMS=0, maxConnectionIdleTimeMS=0, maintenanceInitialDelayMS=0, maintenanceFrequencyMS=60000, connectionPoolListeners=[], maxConnecting=2}, serverSettings=ServerSettings{heartbeatFrequencyMS=10000, minHeartbeatFrequencyMS=500, serverListeners='[]', serverMonitorListeners='[]'}, sslSettings=SslSettings{enabled=false, invalidHostNameAllowed=false, context=null}, applicationName='null', compressorList=[], uuidRepresentation=JAVA_LEGACY, serverApi=null, autoEncryptionSettings=null, contextProvider=null}
2026-01-20T17:24:43.165+05:30  INFO 15161 --- [       Thread-1] d.f.e.m.s.autoconfigure.EmbeddedMongo    : {"t":{"$date":"2026-01-20T17:24:43.165+05:30"},"s":"I",  "c":"NETWORK",  "id":51800,   "ctx":"conn1","msg":"client metadata","attr":{"remote":"127.0.0.1:53723","client":"conn1","doc":{"driver":{"name":"mongo-java-driver|sync|spring-boot","version":"4.9.1"},"os":{"type":"Darwin","name":"Mac OS X","architecture":"aarch64","version":"26.2"},"platform":"Java/Eclipse Adoptium/25.0.1+8-LTS"}}}
2026-01-20T17:24:43.166+05:30  INFO 15161 --- [       Thread-1] d.f.e.m.s.autoconfigure.EmbeddedMongo    : {"t":{"$date":"2026-01-20T17:24:43.165+05:30"},"s":"I",  "c":"NETWORK",  "id":51800,   "ctx":"conn2","msg":"client metadata","attr":{"remote":"127.0.0.1:53724","client":"conn2","doc":{"driver":{"name":"mongo-java-driver|sync|spring-boot","version":"4.9.1"},"os":{"type":"Darwin","name":"Mac OS X","architecture":"aarch64","version":"26.2"},"platform":"Java/Eclipse Adoptium/25.0.1+8-LTS"}}}
2026-01-20T17:24:43.169+05:30  INFO 15161 --- [localhost:53720] org.mongodb.driver.cluster               : Monitor thread successfully connected to server with description ServerDescription{address=localhost:53720, type=STANDALONE, state=CONNECTED, ok=true, minWireVersion=0, maxWireVersion=17, maxDocumentSize=16777216, logicalSessionTimeoutMinutes=30, roundTripTimeNanos=6241875}
2026-01-20T17:24:43.174+05:30  INFO 15161 --- [       Thread-1] d.f.e.m.s.autoconfigure.EmbeddedMongo    : {"t":{"$date":"2026-01-20T17:24:43.174+05:30"},"s":"I",  "c":"INDEX",    "id":20345,   "ctx":"LogicalSessionCacheRefresh","msg":"Index build: done building","attr":{"buildUUID":null,"collectionUUID":{"uuid":{"$uuid":"805b19b5-4d8c-4091-bf3d-c2d62d29d7d8"}},"namespace":"config.system.sessions","index":"_id_","ident":"index-5--3555401794600859338","collectionIdent":"collection-4--3555401794600859338","commitTimestamp":null}}
2026-01-20T17:24:43.175+05:30  INFO 15161 --- [       Thread-1] d.f.e.m.s.autoconfigure.EmbeddedMongo    : {"t":{"$date":"2026-01-20T17:24:43.174+05:30"},"s":"I",  "c":"INDEX",    "id":20345,   "ctx":"LogicalSessionCacheRefresh","msg":"Index build: done building","attr":{"buildUUID":null,"collectionUUID":{"uuid":{"$uuid":"805b19b5-4d8c-4091-bf3d-c2d62d29d7d8"}},"namespace":"config.system.sessions","index":"lsidTTLIndex","ident":"index-6--3555401794600859338","collectionIdent":"collection-4--3555401794600859338","commitTimestamp":null}}
2026-01-20T17:24:43.351+05:30  INFO 15161 --- [           main] o.s.b.w.embedded.tomcat.TomcatWebServer  : Tomcat started on port(s): 8080 (http) with context path ''
2026-01-20T17:24:43.354+05:30  INFO 15161 --- [           main] c.e.ecommerce.EcommerceApplication       : Started EcommerceApplication in 20.32 seconds (process running for 20.418)
2026-01-20T17:25:18.576+05:30  INFO 15161 --- [nio-8080-exec-1] o.a.c.c.C.[Tomcat].[localhost].[/]       : Initializing Spring DispatcherServlet 'dispatcherServlet'
2026-01-20T17:25:18.576+05:30  INFO 15161 --- [nio-8080-exec-1] o.s.web.servlet.DispatcherServlet        : Initializing Servlet 'dispatcherServlet'
2026-01-20T17:25:18.577+05:30  INFO 15161 --- [nio-8080-exec-1] o.s.web.servlet.DispatcherServlet        : Completed initialization in 1 ms
2026-01-20T17:25:18.639+05:30  INFO 15161 --- [       Thread-1] d.f.e.m.s.autoconfigure.EmbeddedMongo    : {"t":{"$date":"2026-01-20T17:25:18.639+05:30"},"s":"I",  "c":"NETWORK",  "id":22943,   "ctx":"listener","msg":"Connection accepted","attr":{"remote":"127.0.0.1:53733","uuid":"68e3b209-217b-4274-82ea-d38430d92f37","connectionId":3,"connectionCount":3}}
2026-01-20T17:25:18.640+05:30  INFO 15161 --- [       Thread-1] d.f.e.m.s.autoconfigure.EmbeddedMongo    : {"t":{"$date":"2026-01-20T17:25:18.639+05:30"},"s":"I",  "c":"NETWORK",  "id":51800,   "ctx":"conn3","msg":"client metadata","attr":{"remote":"127.0.0.1:53733","client":"conn3","doc":{"driver":{"name":"mongo-java-driver|sync|spring-boot","version":"4.9.1"},"os":{"type":"Darwin","name":"Mac OS X","architecture":"aarch64","version":"26.2"},"platform":"Java/Eclipse Adoptium/25.0.1+8-LTS"}}}
2026-01-20T17:25:18.644+05:30  INFO 15161 --- [       Thread-1] d.f.e.m.s.autoconfigure.EmbeddedMongo    : {"t":{"$date":"2026-01-20T17:25:18.644+05:30"},"s":"I",  "c":"STORAGE",  "id":20320,   "ctx":"conn3","msg":"createCollection","attr":{"namespace":"test.products","uuidDisposition":"generated","uuid":{"uuid":{"$uuid":"bc91da26-9316-4368-bbd4-d04843d39270"}},"options":{}}}
2026-01-20T17:25:18.681+05:30  INFO 15161 --- [       Thread-1] d.f.e.m.s.autoconfigure.EmbeddedMongo    : {"t":{"$date":"2026-01-20T17:25:18.681+05:30"},"s":"I",  "c":"INDEX",    "id":20345,   "ctx":"conn3","msg":"Index build: done building","attr":{"buildUUID":null,"collectionUUID":{"uuid":{"$uuid":"bc91da26-9316-4368-bbd4-d04843d39270"}},"namespace":"test.products","index":"_id_","ident":"index-8--3555401794600859338","collectionIdent":"collection-7--3555401794600859338","commitTimestamp":null}}
2026-01-20T17:25:18.728+05:30  INFO 15161 --- [       Thread-1] d.f.e.m.s.autoconfigure.EmbeddedMongo    : {"t":{"$date":"2026-01-20T17:25:18.728+05:30"},"s":"I",  "c":"STORAGE",  "id":20320,   "ctx":"conn3","msg":"createCollection","attr":{"namespace":"test.cart_items","uuidDisposition":"generated","uuid":{"uuid":{"$uuid":"48cf4299-65f9-48a4-bc81-41de707243a2"}},"options":{}}}
2026-01-20T17:25:18.760+05:30  INFO 15161 --- [       Thread-1] d.f.e.m.s.autoconfigure.EmbeddedMongo    : {"t":{"$date":"2026-01-20T17:25:18.760+05:30"},"s":"I",  "c":"INDEX",    "id":20345,   "ctx":"conn3","msg":"Index build: done building","attr":{"buildUUID":null,"collectionUUID":{"uuid":{"$uuid":"48cf4299-65f9-48a4-bc81-41de707243a2"}},"namespace":"test.cart_items","index":"_id_","ident":"index-10--3555401794600859338","collectionIdent":"collection-9--3555401794600859338","commitTimestamp":null}}
2026-01-20T17:25:18.776+05:30  INFO 15161 --- [       Thread-1] d.f.e.m.s.autoconfigure.EmbeddedMongo    : {"t":{"$date":"2026-01-20T17:25:18.776+05:30"},"s":"I",  "c":"STORAGE",  "id":20320,   "ctx":"conn3","msg":"createCollection","attr":{"namespace":"test.orders","uuidDisposition":"generated","uuid":{"uuid":{"$uuid":"8a1e0b20-fb73-4077-9dd1-ff8fdae35c06"}},"options":{}}}
2026-01-20T17:25:18.807+05:30  INFO 15161 --- [       Thread-1] d.f.e.m.s.autoconfigure.EmbeddedMongo    : {"t":{"$date":"2026-01-20T17:25:18.807+05:30"},"s":"I",  "c":"INDEX",    "id":20345,   "ctx":"conn3","msg":"Index build: done building","attr":{"buildUUID":null,"collectionUUID":{"uuid":{"$uuid":"8a1e0b20-fb73-4077-9dd1-ff8fdae35c06"}},"namespace":"test.orders","index":"_id_","ident":"index-12--3555401794600859338","collectionIdent":"collection-11--3555401794600859338","commitTimestamp":null}}
2026-01-20T17:25:18.812+05:30  INFO 15161 --- [       Thread-1] d.f.e.m.s.autoconfigure.EmbeddedMongo    : {"t":{"$date":"2026-01-20T17:25:18.811+05:30"},"s":"I",  "c":"STORAGE",  "id":20320,   "ctx":"conn3","msg":"createCollection","attr":{"namespace":"test.order_items","uuidDisposition":"generated","uuid":{"uuid":{"$uuid":"769fb54b-4d9a-464c-8fa3-41ec8f36faf1"}},"options":{}}}
2026-01-20T17:25:18.841+05:30  INFO 15161 --- [       Thread-1] d.f.e.m.s.autoconfigure.EmbeddedMongo    : {"t":{"$date":"2026-01-20T17:25:18.841+05:30"},"s":"I",  "c":"INDEX",    "id":20345,   "ctx":"conn3","msg":"Index build: done building","attr":{"buildUUID":null,"collectionUUID":{"uuid":{"$uuid":"769fb54b-4d9a-464c-8fa3-41ec8f36faf1"}},"namespace":"test.order_items","index":"_id_","ident":"index-14--3555401794600859338","collectionIdent":"collection-13--3555401794600859338","commitTimestamp":null}}
2026-01-20T17:25:18.862+05:30  INFO 15161 --- [       Thread-1] d.f.e.m.s.autoconfigure.EmbeddedMongo    : {"t":{"$date":"2026-01-20T17:25:18.862+05:30"},"s":"I",  "c":"STORAGE",  "id":20320,   "ctx":"conn3","msg":"createCollection","attr":{"namespace":"test.payments","uuidDisposition":"generated","uuid":{"uuid":{"$uuid":"f0935fbe-224b-4bc0-a82d-404da3b5370d"}},"options":{}}}
2026-01-20T17:25:18.892+05:30  INFO 15161 --- [       Thread-1] d.f.e.m.s.autoconfigure.EmbeddedMongo    : {"t":{"$date":"2026-01-20T17:25:18.892+05:30"},"s":"I",  "c":"INDEX",    "id":20345,   "ctx":"conn3","msg":"Index build: done building","attr":{"buildUUID":null,"collectionUUID":{"uuid":{"$uuid":"f0935fbe-224b-4bc0-a82d-404da3b5370d"}},"namespace":"test.payments","index":"_id_","ident":"index-16--3555401794600859338","collectionIdent":"collection-15--3555401794600859338","commitTimestamp":null}}
2026-01-20T17:25:21.926+05:30  INFO 15161 --- [nio-8080-exec-8] c.e.ecommerce.service.PaymentService     : Order 696f6d267c1d9b6d4e4da81c updated to PAID
2026-01-20T17:25:21.932+05:30  INFO 15161 --- [onPool-worker-1] c.e.ecommerce.service.PaymentService     : Webhook triggered for order: 696f6d267c1d9b6d4e4da81c
[INFO] ------------------------------------------------------------------------
[INFO] BUILD FAILURE
[INFO] ------------------------------------------------------------------------
[INFO] Total time:  03:16 min
[INFO] Finished at: 2026-01-20T17:27:39+05:30
[INFO] ------------------------------------------------------------------------
[ERROR] Failed to execute goal org.springframework.boot:spring-boot-maven-plugin:3.1.5:run (default-cli) on project ecommerce: Process terminated with exit code: 137 -> [Help 1]
[ERROR] 
[ERROR] To see the full stack trace of the errors, re-run Maven with the -e switch.
[ERROR] Re-run Maven using the -X switch to enable full debug logging.
[ERROR] 
[ERROR] For more information about the errors and possible solutions, please read the following articles:
[ERROR] [Help 1] http://cwiki.apache.org/confluence/display/MAVEN/MojoExecutionException
